
> magicmirror@2.0.0 start /home/maxim/projects/MagicMirror
> electron js/electron.js

Loading config ...
WARNING! Could not find config file. Please create one. Starting with default configuration.
Loading module helpers ...
No helper found for module: helloworld.
All module helpers loaded.
Starting server op port 8080 ... 
Server started ...
Sockets connected & modules started ...
Launching application.

npm ERR! Linux 3.19.0-43-generic
npm ERR! argv "/usr/local/bin/node" "/usr/local/bin/npm" "start"
npm ERR! node v6.8.1
npm ERR! npm  v3.10.8
npm ERR! code ELIFECYCLE
npm ERR! magicmirror@2.0.0 start: `electron js/electron.js`
npm ERR! Exit status 1
npm ERR! 
npm ERR! Failed at the magicmirror@2.0.0 start script 'electron js/electron.js'.
npm ERR! Make sure you have the latest version of node.js and npm installed.
npm ERR! If you do, this is most likely a problem with the magicmirror package,
npm ERR! not with npm itself.
npm ERR! Tell the author that this fails on your system:
npm ERR!     electron js/electron.js
npm ERR! You can get information on how to open an issue for this project with:
npm ERR!     npm bugs magicmirror
npm ERR! Or if that isn't available, you can get their info via:
npm ERR!     npm owner ls magicmirror
npm ERR! There is likely additional logging output above.

npm ERR! Please include the following file with any support request:
npm ERR!     /home/maxim/projects/MagicMirror/npm-debug.log
